{"level":"info","time":"2024-09-07T10:39:29+07:00","caller":"D:/APPS/Golang/bootcamp/cart-order-service/main.go:52","message":"Hello, world!"}
{"level":"info","Print All Request":"ew0KICAgICJwcm9kdWN0X2lkcyI6ICJzYWZkIiwNCiAgICAidGVzdGluZyI6IFsxLDIsM10NCn0=","time":"2024-09-07T10:49:44+07:00","caller":"D:/APPS/Golang/bootcamp/cart-order-service/helper/response.go:29","message":"disini gur"}
{"level":"info","Print All Request":"{\r\n    \"product_ids\": \"safd\",\r\n    \"testing\": [1,2,3]\r\n}","time":"2024-09-07T10:52:15+07:00","caller":"D:/APPS/Golang/bootcamp/cart-order-service/helper/response.go:29","message":"disini gur"}
{"level":"info","Print All Request":"{\r    \"product_ids\": \"safd\",\r    \"testing\": [1,2,3]\r}","time":"2024-09-07T10:55:46+07:00","caller":"D:/APPS/Golang/bootcamp/cart-order-service/helper/response.go:32","message":"disini gur"}
{"level":"info","Request Body: ":"{\r    \"product_ids\": \"safd\",\r    \"testing\": [1,2,3]\r}","time":"2024-09-07T10:57:30+07:00","caller":"D:/APPS/Golang/bootcamp/cart-order-service/helper/response.go:32","message":"Print All Request"}
{"level":"info","Request Body":"{\"product_ids\":\"safd\",\"testing\":[1,2,3]}","time":"2024-09-07T10:59:51+07:00","caller":"D:/APPS/Golang/bootcamp/cart-order-service/helper/response.go:34","message":"Print All Request"}
{"level":"info","Request Body":"{\"product_id\":\"safd\"}","time":"2024-09-07T11:05:06+07:00","caller":"D:/APPS/Golang/bootcamp/cart-order-service/helper/response.go:34","message":"Print All Request"}
{"level":"info","Request Body":"{\"product_id\":\"a4b7a3f1-751a-4a10-b506-99202581424z\"}","time":"2024-09-07T11:06:16+07:00","caller":"D:/APPS/Golang/bootcamp/cart-order-service/helper/response.go:34","message":"Print All Request"}
{"level":"info","Request Body":"{\"product_id\":\"a4b7a3f1-751a-4a10-b506-99202581424z\"}","time":"2024-09-07T11:08:55+07:00","caller":"D:/APPS/Golang/bootcamp/cart-order-service/helper/response.go:34","message":"Print All Request"}
{"level":"error","Err":{},"time":"2024-09-07T11:08:55+07:00","caller":"D:/APPS/Golang/bootcamp/cart-order-service/handlers/cart/cart.go:54","message":"failed to decode request body"}
{"level":"info","Request Body":"{\"product_id\":\"a4b7a3f1-751a-4a10-b506-99202581424z\"}","time":"2024-09-07T11:09:28+07:00","caller":"D:/APPS/Golang/bootcamp/cart-order-service/helper/response.go:34","message":"Print All Request"}
{"level":"error","Err":"EOF","time":"2024-09-07T11:09:28+07:00","caller":"D:/APPS/Golang/bootcamp/cart-order-service/handlers/cart/cart.go:54","message":"failed to decode request body"}
{"level":"info","Request Body":"{\"product_id\":[\"a4b7a3f1-751a-4a10-b506-99202581424z\"]}","time":"2024-09-07T11:10:14+07:00","caller":"D:/APPS/Golang/bootcamp/cart-order-service/helper/response.go:34","message":"Print All Request"}
{"level":"error","Err":"EOF","time":"2024-09-07T11:10:14+07:00","caller":"D:/APPS/Golang/bootcamp/cart-order-service/handlers/cart/cart.go:54","message":"failed to decode request body"}
{"level":"error","Err":"invalid UUID format","time":"2024-09-07T11:11:08+07:00","caller":"D:/APPS/Golang/bootcamp/cart-order-service/handlers/cart/cart.go:54","message":"failed to decode request body"}
{"level":"info","Request Body":"{\"product_id\":[\"550e8400-e29b-41d4-a716-446655440001\"]}","time":"2024-09-07T11:11:51+07:00","caller":"D:/APPS/Golang/bootcamp/cart-order-service/helper/response.go:34","message":"Print All Request"}
{"level":"error","Err":"EOF","time":"2024-09-07T11:11:51+07:00","caller":"D:/APPS/Golang/bootcamp/cart-order-service/handlers/cart/cart.go:54","message":"failed to decode request body"}
{"level":"info","Request Body":"{\"product_id\":[\"550e8400-e29b-41d4-a716-446655440001\"]}","time":"2024-09-07T11:20:38+07:00","caller":"D:/APPS/Golang/bootcamp/cart-order-service/helper/request.go:47","message":"Print All Request"}
{"level":"info","Request Body":"{\"product_id\":\"550e8400-e29b-41d4-a716-446655440001\"}","time":"2024-09-07T11:20:56+07:00","caller":"D:/APPS/Golang/bootcamp/cart-order-service/helper/request.go:47","message":"Print All Request"}
{"level":"error","Err":"json: cannot unmarshal string into Go struct field GetCartRequest.product_id of type []uuid.UUID","time":"2024-09-07T11:20:56+07:00","caller":"D:/APPS/Golang/bootcamp/cart-order-service/handlers/cart/cart.go:50","message":"failed to decode request body"}
{"level":"info","Request Body":"{\"product_id\":[\"550e8400-e29b-41d4-a716-446655440001\"]}","time":"2024-09-07T11:21:57+07:00","caller":"D:/APPS/Golang/bootcamp/cart-order-service/helper/request.go:47","message":"Print All Request"}
{"level":"info","Request Body":"{\"product_id\":[\"550e8400-e29b-41d4-a716-446655440001\"]}","time":"2024-09-07T11:22:07+07:00","caller":"D:/APPS/Golang/bootcamp/cart-order-service/helper/request.go:47","message":"Print All Request"}
{"level":"info","Request Body":"{\"product_id\":[\"550e8400-e29b-41d4-a716-446655440000\"]}","time":"2024-09-07T11:45:10+07:00","caller":"D:/APPS/Golang/bootcamp/cart-order-service/helper/request.go:47","message":"Print All Request"}
{"level":"info","Request Body":"{\"product_id\":[\"550e8400-e29b-41d4-a716-44665544000f\"]}","time":"2024-09-07T11:45:14+07:00","caller":"D:/APPS/Golang/bootcamp/cart-order-service/helper/request.go:47","message":"Print All Request"}
{"level":"info","Request Body":"{\"product_id\":[\"550e8400-e29b-41d4-a716-44665544000z\"]}","time":"2024-09-07T11:45:20+07:00","caller":"D:/APPS/Golang/bootcamp/cart-order-service/helper/request.go:47","message":"Print All Request"}
{"level":"error","Err":"invalid UUID format","time":"2024-09-07T11:45:20+07:00","caller":"D:/APPS/Golang/bootcamp/cart-order-service/handlers/cart/cart.go:50","message":"failed to decode request body"}
{"level":"info","Request Body":"{\"product_id\":\"550e8400-e29b-41d4-a716-44665544000z\"}","time":"2024-09-07T11:45:31+07:00","caller":"D:/APPS/Golang/bootcamp/cart-order-service/helper/request.go:47","message":"Print All Request"}
{"level":"error","Err":"json: cannot unmarshal string into Go struct field GetCartRequest.product_id of type []uuid.UUID","time":"2024-09-07T11:45:31+07:00","caller":"D:/APPS/Golang/bootcamp/cart-order-service/handlers/cart/cart.go:50","message":"failed to decode request body"}
{"level":"info","Request Body":"{\"product_id\":[\"550e8400-e29b-41d4-a716-446655440000\"]}","time":"2024-09-07T11:46:28+07:00","caller":"D:/APPS/Golang/bootcamp/cart-order-service/helper/request.go:47","message":"Print All Request"}
{"level":"info","Request Body":"{\"product_id\":[\"550e8400-e29b-41d4-a716-446655440001\"]}","time":"2024-09-07T11:46:33+07:00","caller":"D:/APPS/Golang/bootcamp/cart-order-service/helper/request.go:47","message":"Print All Request"}
{"level":"info","Request Body":"{\"product_id\":[\"550e8400-e29b-41d4-a716-446655440001\",\"550e8400-e29b-41d4-a716-446655440002\"]}","time":"2024-09-07T11:46:58+07:00","caller":"D:/APPS/Golang/bootcamp/cart-order-service/helper/request.go:47","message":"Print All Request"}
{"level":"info","Request Body":"{\"product_id\":[\"550e8400-e29b-41d4-a716-446655440001\",\"550e8400-e29b-41d4-a716-446655440002\"]}","time":"2024-09-07T12:17:21+07:00","caller":"D:/APPS/Golang/bootcamp/cart-order-service/helper/request.go:47","message":"Print All Request"}
{"level":"error","Err":"invalid UUID length: 8","time":"2024-09-07T12:22:21+07:00","caller":"D:/APPS/Golang/bootcamp/cart-order-service/handlers/cart/cart.go:108","message":"error parse uuid"}
{"level":"error","Err":"invalid UUID length: 8","time":"2024-09-07T12:23:46+07:00","caller":"D:/APPS/Golang/bootcamp/cart-order-service/handlers/cart/cart.go:108","message":"error parse uuid: :user_id"}
{"level":"error","Err":"invalid UUID length: 1","time":"2024-09-07T12:24:17+07:00","caller":"D:/APPS/Golang/bootcamp/cart-order-service/handlers/cart/cart.go:108","message":"error parse uuid: r"}
{"level":"info","Request Body":"{\"product_id\":[\"550e8400-e29b-41d4-a716-446655440001\",\"550e8400-e29b-41d4-a716-446655440002\"]}","time":"2024-09-07T12:26:06+07:00","caller":"D:/APPS/Golang/bootcamp/cart-order-service/helper/request.go:47","message":"Print All Request"}
{"level":"info","Request Body":"{\"product_id\":\"550e8400-e29b-41d4-a716-446655440001\",\"qty\":20}","time":"2024-09-07T12:26:25+07:00","caller":"D:/APPS/Golang/bootcamp/cart-order-service/helper/request.go:47","message":"Print All Request"}
{"level":"info","Request Body":"{\"product_id\":[\"550e8400-e29b-41d4-a716-446655440001\",\"550e8400-e29b-41d4-a716-446655440002\"]}","time":"2024-09-07T12:26:31+07:00","caller":"D:/APPS/Golang/bootcamp/cart-order-service/helper/request.go:47","message":"Print All Request"}
{"level":"info","Request Body":"{\"product_id\":[\"550e8400-e29b-41d4-a716-446655440001\",\"550e8400-e29b-41d4-a716-446655440002\"]}","time":"2024-09-07T12:26:34+07:00","caller":"D:/APPS/Golang/bootcamp/cart-order-service/helper/request.go:47","message":"Print All Request"}
{"level":"info","Request Body":"{\"product_id\":[\"550e8400-e29b-41d4-a716-446655440001\",\"550e8400-e29b-41d4-a716-446655440002\"]}","time":"2024-09-07T12:26:35+07:00","caller":"D:/APPS/Golang/bootcamp/cart-order-service/helper/request.go:47","message":"Print All Request"}
{"level":"info","Request Body":"{\"product_id\":\"550e8400-e29b-41d4-a716-446655440001\",\"qty\":3}","time":"2024-09-07T12:26:43+07:00","caller":"D:/APPS/Golang/bootcamp/cart-order-service/helper/request.go:47","message":"Print All Request"}
{"level":"info","Request Body":"{\"product_id\":[\"550e8400-e29b-41d4-a716-446655440001\",\"550e8400-e29b-41d4-a716-446655440002\"]}","time":"2024-09-07T12:26:46+07:00","caller":"D:/APPS/Golang/bootcamp/cart-order-service/helper/request.go:47","message":"Print All Request"}
{"level":"info","Request Body":"{\"product_id\":[\"550e8400-e29b-41d4-a716-446655440001\",\"550e8400-e29b-41d4-a716-446655440002\"]}","time":"2024-09-07T12:27:46+07:00","caller":"D:/APPS/Golang/bootcamp/cart-order-service/helper/request.go:47","message":"Print All Request"}
{"level":"info","Request Body":"{\"product_id\":\"550e8400-e29b-41d4-a716-446655440001\",\"qty\":3}","time":"2024-09-07T12:28:02+07:00","caller":"D:/APPS/Golang/bootcamp/cart-order-service/helper/request.go:47","message":"Print All Request"}
{"level":"info","Request Body":"{\"product_id\":[\"550e8400-e29b-41d4-a716-446655440001\",\"550e8400-e29b-41d4-a716-446655440002\"]}","time":"2024-09-07T12:28:09+07:00","caller":"D:/APPS/Golang/bootcamp/cart-order-service/helper/request.go:47","message":"Print All Request"}
{"level":"info","Request Body":"{\"product_id\":\"550e8400-e29b-41d4-a716-446655440001\",\"qty\":30}","time":"2024-09-07T12:28:36+07:00","caller":"D:/APPS/Golang/bootcamp/cart-order-service/helper/request.go:47","message":"Print All Request"}
{"level":"info","Request Body":"{\"product_id\":[\"550e8400-e29b-41d4-a716-446655440001\",\"550e8400-e29b-41d4-a716-446655440002\"]}","time":"2024-09-07T12:28:44+07:00","caller":"D:/APPS/Golang/bootcamp/cart-order-service/helper/request.go:47","message":"Print All Request"}
{"level":"info","Request Body":"{\"product_id\":\"550e8400-e29b-41d4-a716-446655440001\",\"qty\":2}","time":"2024-09-07T12:28:54+07:00","caller":"D:/APPS/Golang/bootcamp/cart-order-service/helper/request.go:47","message":"Print All Request"}
{"level":"info","Request Body":"{\"product_id\":[\"550e8400-e29b-41d4-a716-446655440001\",\"550e8400-e29b-41d4-a716-446655440002\"]}","time":"2024-09-07T12:29:00+07:00","caller":"D:/APPS/Golang/bootcamp/cart-order-service/helper/request.go:47","message":"Print All Request"}
{"level":"info","Request Body":"{\"product_id\":[\"550e8400-e29b-41d4-a716-446655440001\",\"550e8400-e29b-41d4-a716-446655440002\"]}","time":"2024-09-07T12:29:05+07:00","caller":"D:/APPS/Golang/bootcamp/cart-order-service/helper/request.go:47","message":"Print All Request"}
{"level":"info","Request Body":"{\"product_id\":\"550e8400-e29b-41d4-a716-446655440001\",\"qty\":10}","time":"2024-09-07T12:29:10+07:00","caller":"D:/APPS/Golang/bootcamp/cart-order-service/helper/request.go:47","message":"Print All Request"}
{"level":"info","Request Body":"{\"product_id\":[\"550e8400-e29b-41d4-a716-446655440001\",\"550e8400-e29b-41d4-a716-446655440002\"]}","time":"2024-09-07T12:29:14+07:00","caller":"D:/APPS/Golang/bootcamp/cart-order-service/helper/request.go:47","message":"Print All Request"}
{"level":"info","Request Body":"{\"product_id\":\"550e8400-e29b-41d4-a716-446655440002\",\"user_id\":\"a4b7a3f1-751a-4a10-b506-99202581427b\",\"qty\":10}","time":"2024-09-07T12:53:09+07:00","caller":"D:/APPS/Golang/bootcamp/cart-order-service/helper/request.go:47","message":"Print All Request"}
{"level":"info","Request Body":"{\"product_id\":\"550e8400-e29b-41d4-a716-446655440002\",\"user_id\":\"a4b7a3f1-751a-4a10-b506-99202581427b\",\"qty\":0}","time":"2024-09-07T12:56:25+07:00","caller":"D:/APPS/Golang/bootcamp/cart-order-service/helper/request.go:47","message":"Print All Request"}
{"level":"error","time":"2024-09-07T12:56:25+07:00","caller":"D:/APPS/Golang/bootcamp/cart-order-service/handlers/cart/cart.go:86","message":"Handler:Cart - AddCart: Qty must be greater than 0"}
{"level":"error","Err":"invalid UUID length: 9","time":"2024-09-07T13:04:48+07:00","caller":"D:/APPS/Golang/bootcamp/cart-order-service/handlers/cart/cart.go:113","message":"Hanlder:Cart - UpdateCart: error parse uuid: :user_ids"}
{"level":"error","Err":"invalid UUID length: 8","time":"2024-09-07T13:15:14+07:00","caller":"D:/APPS/Golang/bootcamp/cart-order-service/handlers/cart/cart.go:113","message":"Hanlder:Cart - UpdateCart: error parse uuid: :user_id"}
{"level":"info","Request Body":"{\"product_id\":\"550e8400-e29b-41d4-a716-446655440001\",\"qty\":15}","time":"2024-09-07T13:15:36+07:00","caller":"D:/APPS/Golang/bootcamp/cart-order-service/helper/request.go:47","message":"Print All Request"}
{"level":"info","Request Body":"{\"product_id\":[\"550e8400-e29b-41d4-a716-446655440001\",\"550e8400-e29b-41d4-a716-446655440002\"]}","time":"2024-09-07T13:15:40+07:00","caller":"D:/APPS/Golang/bootcamp/cart-order-service/helper/request.go:47","message":"Print All Request"}
{"level":"info","Request Body":"{\"product_id\":\"550e8400-e29b-41d4-a716-446655440002a\",\"user_id\":\"a4b7a3f1-751a-4a10-b506-99202581427b\",\"qty\":10}","time":"2024-09-07T13:57:37+07:00","caller":"D:/APPS/Golang/bootcamp/cart-order-service/helper/request.go:47","message":"Print All Request"}
{"level":"error","Err":"invalid UUID length: 37","time":"2024-09-07T13:57:37+07:00","caller":"D:/APPS/Golang/bootcamp/cart-order-service/handlers/cart/cart.go:85","message":"Handler:Cart - AddCart: Failed to decode request body"}
{"level":"info","Request Body":"{\"product_id\":\"550e8400-e29b-41d4-a716-446655440002\"}","time":"2024-09-07T14:00:29+07:00","caller":"D:/APPS/Golang/bootcamp/cart-order-service/helper/request.go:47","message":"Print All Request"}
{"level":"info","Request Body":"{\"product_id\":\"550e8400-e29b-41d4-a716-446655440001\",\"qty\":7}","time":"2024-09-07T14:19:19+07:00","caller":"D:/APPS/Golang/bootcamp/cart-order-service/helper/request.go:47","message":"Print All Request"}
{"level":"info","Request Body":"{\"product_id\":\"550e8400-e29b-41d4-a716-446655440001\",\"qty\":0}","time":"2024-09-07T14:19:30+07:00","caller":"D:/APPS/Golang/bootcamp/cart-order-service/helper/request.go:47","message":"Print All Request"}
{"level":"info","Request Body":"{\"product_id\":\"550e8400-e29b-41d4-a716-446655440001\",\"qty\":1}","time":"2024-09-07T14:21:15+07:00","caller":"D:/APPS/Golang/bootcamp/cart-order-service/helper/request.go:47","message":"Print All Request"}
{"level":"info","Request Body":"{\"product_id\":\"550e8400-e29b-41d4-a716-446655440001\",\"qty\":2}","time":"2024-09-07T14:22:23+07:00","caller":"D:/APPS/Golang/bootcamp/cart-order-service/helper/request.go:47","message":"Print All Request"}
{"level":"info","Request Body":"{\"product_id\":\"550e8400-e29b-41d4-a716-446655440001\",\"qty\":2}","time":"2024-09-07T14:25:39+07:00","caller":"D:/APPS/Golang/bootcamp/cart-order-service/helper/request.go:47","message":"Print All Request"}
{"level":"warn","time":"2024-09-07T14:25:39+07:00","caller":"D:/APPS/Golang/bootcamp/cart-order-service/repository/cart/cart.go:178","message":"Repository:Cart - UpdateQty: No rows affected"}
{"level":"error","Err":"no rows affected","time":"2024-09-07T14:25:39+07:00","caller":"D:/APPS/Golang/bootcamp/cart-order-service/handlers/cart/cart.go:130","message":"Hanlder:Cart - UpdateCart: failed to UpdateQty"}
{"level":"info","Request Body":"{\"product_id\":\"550e8400-e29b-41d4-a716-446655440001\",\"qty\":2}","time":"2024-09-07T14:26:27+07:00","caller":"D:/APPS/Golang/bootcamp/cart-order-service/helper/request.go:47","message":"Print All Request"}
{"level":"info","Request Body":"{\"product_id\":\"550e8400-e29b-41d4-a716-446655440001\",\"qty\":0}","time":"2024-09-07T14:26:36+07:00","caller":"D:/APPS/Golang/bootcamp/cart-order-service/helper/request.go:47","message":"Print All Request"}
{"level":"info","Request Body":"{\"product_id\":\"550e8400-e29b-41d4-a716-446655440001\",\"qty\":10}","time":"2024-09-07T14:26:43+07:00","caller":"D:/APPS/Golang/bootcamp/cart-order-service/helper/request.go:47","message":"Print All Request"}
{"level":"warn","time":"2024-09-07T14:26:43+07:00","caller":"D:/APPS/Golang/bootcamp/cart-order-service/repository/cart/cart.go:178","message":"Repository:Cart - UpdateQty: No rows affected"}
{"level":"error","Err":"no rows affected","time":"2024-09-07T14:26:43+07:00","caller":"D:/APPS/Golang/bootcamp/cart-order-service/handlers/cart/cart.go:130","message":"Hanlder:Cart - UpdateCart: failed to UpdateQty"}
{"level":"info","Request Body":"{\"product_id\":[\"550e8400-e29b-41d4-a716-446655440001\",\"550e8400-e29b-41d4-a716-446655440002\"]}","time":"2024-09-07T14:31:00+07:00","caller":"D:/APPS/Golang/bootcamp/cart-order-service/helper/request.go:47","message":"Print All Request"}
{"level":"error","Err":"pq: syntax error at or near \"AND\"","time":"2024-09-07T14:31:00+07:00","caller":"D:/APPS/Golang/bootcamp/cart-order-service/repository/cart/cart.go:60","message":"Repository:Cart - GetCartByUserID: Failed to Query querySelect"}
{"level":"error","Err":"pq: syntax error at or near \"AND\"","time":"2024-09-07T14:31:00+07:00","caller":"D:/APPS/Golang/bootcamp/cart-order-service/handlers/cart/cart.go:69","message":"Handler:Cart - GetCartByUserID: Failed to GetCartByUserID"}
{"level":"info","Request Body":"{\"product_id\":[\"550e8400-e29b-41d4-a716-446655440001\",\"550e8400-e29b-41d4-a716-446655440002\"]}","time":"2024-09-07T14:32:59+07:00","caller":"D:/APPS/Golang/bootcamp/cart-order-service/helper/request.go:47","message":"Print All Request"}
{"level":"error","Err":"pq: syntax error at or near \"user_id\"","time":"2024-09-07T14:32:59+07:00","caller":"D:/APPS/Golang/bootcamp/cart-order-service/repository/cart/cart.go:59","message":"Repository:Cart - GetCartByUserID: Failed to Query querySelect"}
{"level":"error","Err":"pq: syntax error at or near \"user_id\"","time":"2024-09-07T14:32:59+07:00","caller":"D:/APPS/Golang/bootcamp/cart-order-service/handlers/cart/cart.go:69","message":"Handler:Cart - GetCartByUserID: Failed to GetCartByUserID"}
{"level":"info","Request Body":"{\"product_id\":[\"550e8400-e29b-41d4-a716-446655440001\",\"550e8400-e29b-41d4-a716-446655440002\"]}","time":"2024-09-07T14:33:42+07:00","caller":"D:/APPS/Golang/bootcamp/cart-order-service/helper/request.go:47","message":"Print All Request"}
{"level":"error","Err":"pq: syntax error at or near \"user_id\"","time":"2024-09-07T14:33:42+07:00","caller":"D:/APPS/Golang/bootcamp/cart-order-service/repository/cart/cart.go:61","message":"Repository:Cart - GetCartByUserID: Failed to Query querySelect"}
{"level":"error","Err":"pq: syntax error at or near \"user_id\"","time":"2024-09-07T14:33:42+07:00","caller":"D:/APPS/Golang/bootcamp/cart-order-service/handlers/cart/cart.go:69","message":"Handler:Cart - GetCartByUserID: Failed to GetCartByUserID"}
{"level":"info","Request Body":"{\"product_id\":[\"550e8400-e29b-41d4-a716-446655440001\",\"550e8400-e29b-41d4-a716-446655440002\"]}","time":"2024-09-07T14:34:21+07:00","caller":"D:/APPS/Golang/bootcamp/cart-order-service/helper/request.go:47","message":"Print All Request"}
{"level":"info","Request Body":"{\"product_id\":\"550e8400-e29b-41d4-a716-446655440002\"}","time":"2024-09-07T20:23:06+07:00","caller":"D:/APPS/Golang/bootcamp/cart-order-service/helper/request.go:47","message":"Print All Request"}
{"level":"warn","time":"2024-09-07T20:23:06+07:00","caller":"D:/APPS/Golang/bootcamp/cart-order-service/repository/cart/cart.go:230","message":"Repository:Cart - DeleteProduct: No rows affected"}
{"level":"error","Err":"no rows affected","time":"2024-09-07T20:23:06+07:00","caller":"D:/APPS/Golang/bootcamp/cart-order-service/handlers/cart/cart.go:165","message":"Hanlder:Cart - DeleteCart: failed to DeleteCart"}
{"level":"info","Request Body":"{\"product_id\":\"550e8400-e29b-41d4-a716-446655440002\"}","time":"2024-09-07T20:23:08+07:00","caller":"D:/APPS/Golang/bootcamp/cart-order-service/helper/request.go:47","message":"Print All Request"}
{"level":"warn","time":"2024-09-07T20:23:08+07:00","caller":"D:/APPS/Golang/bootcamp/cart-order-service/repository/cart/cart.go:230","message":"Repository:Cart - DeleteProduct: No rows affected"}
{"level":"error","Err":"no rows affected","time":"2024-09-07T20:23:08+07:00","caller":"D:/APPS/Golang/bootcamp/cart-order-service/handlers/cart/cart.go:165","message":"Hanlder:Cart - DeleteCart: failed to DeleteCart"}
{"level":"info","Request Body":"{\"product_id\":\"550e8400-e29b-41d4-a716-446655440002\"}","time":"2024-09-07T20:23:32+07:00","caller":"D:/APPS/Golang/bootcamp/cart-order-service/helper/request.go:47","message":"Print All Request"}
{"level":"info","Request Body":"{\"product_id\":\"550e8400-e29b-41d4-a716-446655440002\"}","time":"2024-09-07T20:23:46+07:00","caller":"D:/APPS/Golang/bootcamp/cart-order-service/helper/request.go:47","message":"Print All Request"}
{"level":"warn","time":"2024-09-07T20:23:46+07:00","caller":"D:/APPS/Golang/bootcamp/cart-order-service/repository/cart/cart.go:230","message":"Repository:Cart - DeleteProduct: No rows affected"}
{"level":"error","Err":"no rows affected","time":"2024-09-07T20:23:46+07:00","caller":"D:/APPS/Golang/bootcamp/cart-order-service/handlers/cart/cart.go:165","message":"Hanlder:Cart - DeleteCart: failed to DeleteCart"}
{"level":"info","Request Body":"{\"user_id\":\"550e8400-e29b-41d4-a716-446655440004\",\"payment_type_id\":\"550e8400-e29b-41d4-a716-446655440030\",\"order_number\":\"ORD006\",\"total_price\":25000,\"status\":\"Pending\",\"is_paid\":false}","time":"2024-09-07T20:38:03+07:00","caller":"D:/APPS/Golang/bootcamp/cart-order-service/helper/request.go:47","message":"Print All Request"}
{"level":"info","Request Body":"{\"product_id\":[\"550e8400-e29b-41d4-a716-446655440001\",\"550e8400-e29b-41d4-a716-446655440002\"]}","time":"2024-09-07T20:38:48+07:00","caller":"D:/APPS/Golang/bootcamp/cart-order-service/helper/request.go:47","message":"Print All Request"}
{"level":"info","Request Body":"{\"user_id\":\"550e8400-e29b-41d4-a716-446655440004\",\"payment_type_id\":\"550e8400-e29b-41d4-a716-446655440030\",\"order_number\":\"ORD006\",\"total_price\":25000,\"status\":\"Pending\",\"is_paid\":false}","time":"2024-09-07T20:42:11+07:00","caller":"D:/APPS/Golang/bootcamp/cart-order-service/helper/request.go:47","message":"Print All Request"}
